<?xml version="1.0" encoding="UTF-8"?>
<!-- Generated by org.testng.reporters.JUnitReportReporter -->
<testsuite hostname="DESKTOP-8F6G1IS" failures="0" tests="5" name="automation.testsuite.LoginTest" time="120.135" errors="0" timestamp="2025-02-27T12:34:02 CST" skipped="0">
  <testcase classname="automation.testsuite.LoginTest" name="locateByClassName" time="23.036"/>
  <system-out/>
  <testcase classname="automation.testsuite.LoginTest" name="locateById" time="23.331"/>
  <system-out/>
  <testcase classname="automation.testsuite.LoginTest" name="locateByName" time="23.545"/>
  <system-out/>
  <testcase classname="automation.testsuite.LoginTest" name="locateByLinkText" time="24.449"/>
  <system-out/>
  <testcase classname="automation.testsuite.LoginTest" name="locateByTagName" time="25.774"/>
  <system-out/>
</testsuite> <!-- automation.testsuite.LoginTest -->
