<?xml version="1.0" encoding="UTF-8"?>
<!-- Generated by org.testng.reporters.JUnitReportReporter -->
<testsuite hostname="DESKTOP-8F6G1IS" failures="0" tests="1" name="automation.testsuite.homework_day7" time="5.630" errors="0" timestamp="2025-02-27T14:21:13 CST" skipped="0">
  <testcase classname="automation.testsuite.homework_day7" name="Nhanvien" time="5.630"/>
  <system-out/>
</testsuite> <!-- automation.testsuite.homework_day7 -->
