<?xml version="1.0" encoding="UTF-8"?>
<!-- Generated by org.testng.reporters.JUnitReportReporter -->
<testsuite hostname="DESKTOP-8F6G1IS" failures="0" tests="3" name="automation.testsuite.TS_PracticeLocateElement" time="4.640" errors="0" timestamp="2025-02-27T14:56:19 CST" skipped="0">
  <testcase classname="automation.testsuite.TS_PracticeLocateElement" name="locateById" time="1.585"/>
  <system-out/>
  <testcase classname="automation.testsuite.TS_PracticeLocateElement" name="locateByName" time="1.531"/>
  <system-out/>
  <testcase classname="automation.testsuite.TS_PracticeLocateElement" name="locateByTagName" time="1.524"/>
  <system-out/>
</testsuite> <!-- automation.testsuite.TS_PracticeLocateElement -->
